2019-09-27 22:14:53,672 INFO o.a.j.u.JMeterUtils: Setting Locale to en_EN
2019-09-27 22:14:53,713 INFO o.a.j.JMeter: Loading user properties from: /usr/local/Cellar/jmeter/5.1.1/libexec/bin/user.properties
2019-09-27 22:14:53,715 INFO o.a.j.JMeter: Loading system properties from: /usr/local/Cellar/jmeter/5.1.1/libexec/bin/system.properties
2019-09-27 22:14:53,719 INFO o.a.j.JMeter: Copyright (c) 1998-2019 The Apache Software Foundation
2019-09-27 22:14:53,719 INFO o.a.j.JMeter: Version 5.1.1 r1855137
2019-09-27 22:14:53,719 INFO o.a.j.JMeter: java.version=1.8.0_202
2019-09-27 22:14:53,719 INFO o.a.j.JMeter: java.vm.name=Java HotSpot(TM) 64-Bit Server VM
2019-09-27 22:14:53,719 INFO o.a.j.JMeter: os.name=Mac OS X
2019-09-27 22:14:53,719 INFO o.a.j.JMeter: os.arch=x86_64
2019-09-27 22:14:53,720 INFO o.a.j.JMeter: os.version=10.14.3
2019-09-27 22:14:53,720 INFO o.a.j.JMeter: file.encoding=UTF-8
2019-09-27 22:14:53,720 INFO o.a.j.JMeter: java.awt.headless=null
2019-09-27 22:14:53,720 INFO o.a.j.JMeter: Max memory     =1073741824
2019-09-27 22:14:53,720 INFO o.a.j.JMeter: Available Processors =12
2019-09-27 22:14:53,724 INFO o.a.j.JMeter: Default Locale=English (EN)
2019-09-27 22:14:53,724 INFO o.a.j.JMeter: JMeter  Locale=English (EN)
2019-09-27 22:14:53,724 INFO o.a.j.JMeter: JMeterHome=/usr/local/Cellar/jmeter/5.1.1/libexec
2019-09-27 22:14:53,724 INFO o.a.j.JMeter: user.dir  =/Users/keithmo/Dropbox (Meetalk)/Universities/M.Software Engineering - Adelaide/2019-Sem2/Software Engineering & Project/2019-S2-SEP-PG3/Aristotle/backend
2019-09-27 22:14:53,724 INFO o.a.j.JMeter: PWD       =/Users/keithmo/Dropbox (Meetalk)/Universities/M.Software Engineering - Adelaide/2019-Sem2/Software Engineering & Project/2019-S2-SEP-PG3/Aristotle/backend
2019-09-27 22:14:53,726 INFO o.a.j.JMeter: IP: 169.254.135.209 Name: Keiths-MacBook-Pro.local FullName: keiths-macbook-pro.local
2019-09-27 22:14:59,501 INFO o.a.j.g.a.LookAndFeelCommand: Installing Darcula LAF
2019-09-27 22:14:59,518 INFO o.a.j.g.a.LookAndFeelCommand: Using look and feel: com.bulenkov.darcula.DarculaLaf [Darcula]
2019-09-27 22:14:59,518 INFO o.a.j.JMeter: Setting LAF to: com.bulenkov.darcula.DarculaLaf
2019-09-27 22:14:59,583 INFO o.a.j.JMeter: Loaded icon properties from org/apache/jmeter/images/icon.properties
2019-09-27 22:15:00,376 WARN o.j.r.PluginManager: Found JAR conflict: /usr/local/Cellar/jmeter/5.1.1/libexec/lib/asm-7.0.jar and /usr/local/Cellar/jmeter/5.1.1/libexec/lib/asm-5.0.3.jar
2019-09-27 22:15:00,377 WARN o.j.r.PluginManager: Found JAR conflict: /usr/local/Cellar/jmeter/5.1.1/libexec/lib/commons-beanutils-1.8.3.jar and /usr/local/Cellar/jmeter/5.1.1/libexec/lib/commons-beanutils-1.7.0.jar
2019-09-27 22:15:00,377 WARN o.j.r.PluginManager: Found JAR conflict: /usr/local/Cellar/jmeter/5.1.1/libexec/lib/dnsjava-2.1.8.jar and /usr/local/Cellar/jmeter/5.1.1/libexec/lib/dnsjava-2.1.7.jar
2019-09-27 22:15:00,377 WARN o.j.r.PluginManager: Found JAR conflict: /usr/local/Cellar/jmeter/5.1.1/libexec/lib/guava-19.0.jar and /usr/local/Cellar/jmeter/5.1.1/libexec/lib/guava-11.0.2.jar
2019-09-27 22:15:00,377 WARN o.j.r.PluginManager: Found JAR conflict: /usr/local/Cellar/jmeter/5.1.1/libexec/lib/httpclient-4.5.jar and /usr/local/Cellar/jmeter/5.1.1/libexec/lib/httpclient-4.5.7.jar
2019-09-27 22:15:00,378 WARN o.j.r.PluginManager: Found JAR conflict: /usr/local/Cellar/jmeter/5.1.1/libexec/lib/httpcore-4.4.11.jar and /usr/local/Cellar/jmeter/5.1.1/libexec/lib/httpcore-4.4.1.jar
2019-09-27 22:15:00,378 WARN o.j.r.PluginManager: Found JAR conflict: /usr/local/Cellar/jmeter/5.1.1/libexec/lib/httpmime-4.5.jar and /usr/local/Cellar/jmeter/5.1.1/libexec/lib/httpmime-4.5.7.jar
2019-09-27 22:15:00,378 WARN o.j.r.PluginManager: Found JAR conflict: /usr/local/Cellar/jmeter/5.1.1/libexec/lib/json-path-2.4.0.jar and /usr/local/Cellar/jmeter/5.1.1/libexec/lib/json-path-2.1.0.jar
2019-09-27 22:15:00,378 WARN o.j.r.PluginManager: Found JAR conflict: /usr/local/Cellar/jmeter/5.1.1/libexec/lib/json-smart-2.3.jar and /usr/local/Cellar/jmeter/5.1.1/libexec/lib/json-smart-2.2.jar
2019-09-27 22:15:00,412 INFO o.j.r.JARSourceHTTP: Requesting https://jmeter-plugins.org/repo/?installID=mac_os_x-ba657a9ae5ecba8a5b7469904bed79f5-gui
2019-09-27 22:15:02,161 WARN o.a.j.g.u.MenuFactory: Could not instantiate class: kg.apc.jmeter.reporters.LoadosophiaUploaderGui
java.lang.reflect.InvocationTargetException: null
	at sun.reflect.NativeConstructorAccessorImpl.newInstance0(Native Method) ~[?:1.8.0_202]
	at sun.reflect.NativeConstructorAccessorImpl.newInstance(NativeConstructorAccessorImpl.java:62) ~[?:1.8.0_202]
	at sun.reflect.DelegatingConstructorAccessorImpl.newInstance(DelegatingConstructorAccessorImpl.java:45) ~[?:1.8.0_202]
	at java.lang.reflect.Constructor.newInstance(Constructor.java:423) ~[?:1.8.0_202]
	at org.apache.jmeter.gui.util.MenuFactory.getGUIComponent(MenuFactory.java:174) ~[ApacheJMeter_core.jar:5.1.1 r1855137]
	at org.apache.jmeter.gui.util.MenuFactory.initializeMenus(MenuFactory.java:141) ~[ApacheJMeter_core.jar:5.1.1 r1855137]
	at org.apache.jmeter.gui.util.MenuFactory.<clinit>(MenuFactory.java:106) ~[ApacheJMeter_core.jar:5.1.1 r1855137]
	at org.apache.jmeter.control.gui.TestPlanGui.createPopupMenu(TestPlanGui.java:92) ~[ApacheJMeter_core.jar:5.1.1 r1855137]
	at org.apache.jmeter.gui.tree.JMeterTreeNode.createPopupMenu(JMeterTreeNode.java:185) ~[ApacheJMeter_core.jar:5.1.1 r1855137]
	at org.apache.jmeter.gui.action.EditCommand.doAction(EditCommand.java:46) ~[ApacheJMeter_core.jar:5.1.1 r1855137]
	at org.apache.jmeter.gui.action.ActionRouter.performAction(ActionRouter.java:88) ~[ApacheJMeter_core.jar:5.1.1 r1855137]
	at org.apache.jmeter.gui.action.ActionRouter.lambda$actionPerformed$0(ActionRouter.java:70) ~[ApacheJMeter_core.jar:5.1.1 r1855137]
	at java.awt.event.InvocationEvent.dispatch(InvocationEvent.java:311) [?:1.8.0_202]
	at java.awt.EventQueue.dispatchEventImpl(EventQueue.java:758) [?:1.8.0_202]
	at java.awt.EventQueue.access$500(EventQueue.java:97) [?:1.8.0_202]
	at java.awt.EventQueue$3.run(EventQueue.java:709) [?:1.8.0_202]
	at java.awt.EventQueue$3.run(EventQueue.java:703) [?:1.8.0_202]
	at java.security.AccessController.doPrivileged(Native Method) [?:1.8.0_202]
	at java.security.ProtectionDomain$JavaSecurityAccessImpl.doIntersectionPrivilege(ProtectionDomain.java:74) [?:1.8.0_202]
	at java.awt.EventQueue.dispatchEvent(EventQueue.java:728) [?:1.8.0_202]
	at java.awt.EventDispatchThread.pumpOneEventForFilters(EventDispatchThread.java:205) [?:1.8.0_202]
	at java.awt.EventDispatchThread.pumpEventsForFilter(EventDispatchThread.java:116) [?:1.8.0_202]
	at java.awt.EventDispatchThread.pumpEventsForHierarchy(EventDispatchThread.java:105) [?:1.8.0_202]
	at java.awt.EventDispatchThread.pumpEvents(EventDispatchThread.java:101) [?:1.8.0_202]
	at java.awt.EventDispatchThread.pumpEvents(EventDispatchThread.java:93) [?:1.8.0_202]
	at java.awt.EventDispatchThread.run(EventDispatchThread.java:82) [?:1.8.0_202]
Caused by: java.lang.NoClassDefFoundError: org/apache/commons/httpclient/methods/multipart/PartSource
	at kg.apc.jmeter.reporters.LoadosophiaUploaderGui.init(LoadosophiaUploaderGui.java:114) ~[JMeterPlugins-Standard.jar:?]
	at kg.apc.jmeter.reporters.LoadosophiaUploaderGui.<init>(LoadosophiaUploaderGui.java:28) ~[JMeterPlugins-Standard.jar:?]
	... 26 more
Caused by: java.lang.ClassNotFoundException: org.apache.commons.httpclient.methods.multipart.PartSource
	at java.net.URLClassLoader.findClass(URLClassLoader.java:382) ~[?:1.8.0_202]
	at java.lang.ClassLoader.loadClass(ClassLoader.java:424) ~[?:1.8.0_202]
	at java.lang.ClassLoader.loadClass(ClassLoader.java:357) ~[?:1.8.0_202]
	at kg.apc.jmeter.reporters.LoadosophiaUploaderGui.init(LoadosophiaUploaderGui.java:114) ~[JMeterPlugins-Standard.jar:?]
	at kg.apc.jmeter.reporters.LoadosophiaUploaderGui.<init>(LoadosophiaUploaderGui.java:28) ~[JMeterPlugins-Standard.jar:?]
	... 26 more
2019-09-27 22:15:02,764 INFO o.a.j.p.h.s.HTTPSamplerBase: Parser for text/html is org.apache.jmeter.protocol.http.parser.LagartoBasedHtmlParser
2019-09-27 22:15:02,764 INFO o.a.j.p.h.s.HTTPSamplerBase: Parser for application/xhtml+xml is org.apache.jmeter.protocol.http.parser.LagartoBasedHtmlParser
2019-09-27 22:15:02,764 INFO o.a.j.p.h.s.HTTPSamplerBase: Parser for application/xml is org.apache.jmeter.protocol.http.parser.LagartoBasedHtmlParser
2019-09-27 22:15:02,764 INFO o.a.j.p.h.s.HTTPSamplerBase: Parser for text/xml is org.apache.jmeter.protocol.http.parser.LagartoBasedHtmlParser
2019-09-27 22:15:02,764 INFO o.a.j.p.h.s.HTTPSamplerBase: Parser for text/vnd.wap.wml is org.apache.jmeter.protocol.http.parser.RegexpHTMLParser
2019-09-27 22:15:02,764 INFO o.a.j.p.h.s.HTTPSamplerBase: Parser for text/css is org.apache.jmeter.protocol.http.parser.CssParser
2019-09-27 22:15:03,115 INFO o.a.j.e.KeyToolUtils: keytool found at 'keytool'
2019-09-27 22:15:03,115 INFO o.a.j.p.h.p.ProxyControl: HTTP(S) Test Script Recorder SSL Proxy will use keys that support embedded 3rd party resources in file /usr/local/Cellar/jmeter/5.1.1/libexec/bin/proxyserver.jks
2019-09-27 22:15:03,270 INFO o.a.j.s.FileServer: Default base='/Users/keithmo/Dropbox (Meetalk)/Universities/M.Software Engineering - Adelaide/2019-Sem2/Software Engineering & Project/2019-S2-SEP-PG3/Aristotle/backend'
2019-09-27 22:15:03,509 INFO o.a.j.s.SampleResult: Note: Sample TimeStamps are START times
2019-09-27 22:15:03,509 INFO o.a.j.s.SampleResult: sampleresult.default.encoding is set to ISO-8859-1
2019-09-27 22:15:03,509 INFO o.a.j.s.SampleResult: sampleresult.useNanoTime=true
2019-09-27 22:15:03,509 INFO o.a.j.s.SampleResult: sampleresult.nanoThreadSleep=5000
2019-09-27 22:15:03,741 WARN o.j.r.Plugin: Unable to load class: com.atlantbh.jmeter.plugins.oauth.OAuthSampler
java.lang.NoClassDefFoundError: org/apache/jmeter/protocol/http/sampler/HTTPSampler2
	at java.lang.ClassLoader.defineClass1(Native Method) ~[?:1.8.0_202]
	at java.lang.ClassLoader.defineClass(ClassLoader.java:763) ~[?:1.8.0_202]
	at java.security.SecureClassLoader.defineClass(SecureClassLoader.java:142) ~[?:1.8.0_202]
	at java.net.URLClassLoader.defineClass(URLClassLoader.java:468) ~[?:1.8.0_202]
	at java.net.URLClassLoader.access$100(URLClassLoader.java:74) ~[?:1.8.0_202]
	at java.net.URLClassLoader$1.run(URLClassLoader.java:369) ~[?:1.8.0_202]
	at java.net.URLClassLoader$1.run(URLClassLoader.java:363) ~[?:1.8.0_202]
	at java.security.AccessController.doPrivileged(Native Method) ~[?:1.8.0_202]
	at java.net.URLClassLoader.findClass(URLClassLoader.java:362) ~[?:1.8.0_202]
	at java.lang.ClassLoader.loadClass(ClassLoader.java:424) ~[?:1.8.0_202]
	at java.lang.ClassLoader.loadClass(ClassLoader.java:357) ~[?:1.8.0_202]
	at org.jmeterplugins.repository.Plugin.getJARPath(Plugin.java:202) [jmeter-plugins-manager-1.3.jar:?]
	at org.jmeterplugins.repository.Plugin.detectInstalledPlugin(Plugin.java:108) [jmeter-plugins-manager-1.3.jar:?]
	at org.jmeterplugins.repository.Plugin.detectInstalled(Plugin.java:97) [jmeter-plugins-manager-1.3.jar:?]
	at org.jmeterplugins.repository.PluginManager.load(PluginManager.java:86) [jmeter-plugins-manager-1.3.jar:?]
	at org.jmeterplugins.repository.PluginManagerMenuItem$1.run(PluginManagerMenuItem.java:41) [jmeter-plugins-manager-1.3.jar:?]
Caused by: java.lang.ClassNotFoundException: org.apache.jmeter.protocol.http.sampler.HTTPSampler2
	at java.net.URLClassLoader.findClass(URLClassLoader.java:382) ~[?:1.8.0_202]
	at java.lang.ClassLoader.loadClass(ClassLoader.java:424) ~[?:1.8.0_202]
	at java.lang.ClassLoader.loadClass(ClassLoader.java:357) ~[?:1.8.0_202]
	... 16 more
2019-09-27 22:15:03,746 INFO o.j.r.PluginManager: Plugins Status: [jpgc-graphs-basic=Standard, jpgc-graphs-additional=Extras, jpgc-autostop=Extras, jpgc-sense=Standard, jpgc-cmd=Standard, jpgc-graphs-composite=Standard, jpgc-csl=Standard, jpgc-functions=Standard, jpgc-casutg=Standard, jpgc-dbmon=Extras, jpgc-graphs-dist=Extras, jpgc-dummy=Standard, jpgc-filterresults=Standard, jpgc-ffw=Standard, jpgc-ggl=Extras, jpgc-httpraw=Extras, jpgc-sts=Extras, jpgc-hadoop=Hadoop, jpgc-fifo=Standard, jpgc-jms=ExtrasLibs, jpgc-jmxmon=Extras, jpgc-json=ExtrasLibs, jpgc-graphs-vs=Extras, jpgc-lockfile=Extras, jpgc-mergeresults=Standard, jpgc-pde=Extras, jpgc-prmctl=Extras, jpgc-perfmon=Standard, jpgc-plugins-manager=1.3, jpgc-redis=ExtrasLibs, jpgc-webdriver=WebDriver, jpgc-synthesis=Standard, jpgc-plancheck=Standard, jpgc-tst=Standard, jpgc-udp=Extras, jpgc-csvars=Extras, jpgc-wsc=Standard, jpgc-xml=Extras, jpgc-xmpp=1.5.1, jmeter-core=5.1.1, jmeter-ftp=5.1.1, jmeter-http=5.1.1, jmeter-jdbc=5.1.1, jmeter-jms=5.1.1, jmeter-junit=5.1.1, jmeter-java=5.1.1, jmeter-ldap=5.1.1, jmeter-mail=5.1.1, jmeter-mongodb=5.1.1, jmeter-native=5.1.1, jmeter-tcp=5.1.1, jmeter-components=5.1.1, jpgc-standard=2.0]
2019-09-27 22:16:04,144 INFO o.a.j.g.a.Load: Loading file: /Users/keithmo/Developer/ios/xmpp-tester.jmx
2019-09-27 22:16:04,145 INFO o.a.j.s.FileServer: Set new base='/Users/keithmo/Developer/ios'
2019-09-27 22:16:04,285 INFO o.a.j.s.SaveService: Testplan (JMX) version: 2.2. Testlog (JTL) version: 2.2
2019-09-27 22:16:04,290 INFO o.a.j.s.SaveService: Using SaveService properties file encoding UTF-8
2019-09-27 22:16:04,292 INFO o.a.j.s.SaveService: Using SaveService properties version 5.0
2019-09-27 22:16:04,295 INFO o.a.j.s.SaveService: Loading file: /Users/keithmo/Developer/ios/xmpp-tester.jmx
2019-09-27 22:16:06,466 INFO o.a.j.s.FileServer: Set new base='/Users/keithmo/Developer/ios'
2019-09-27 22:40:57,149 INFO o.a.j.e.StandardJMeterEngine: Running the test!
2019-09-27 22:40:57,150 INFO o.a.j.s.SampleEvent: List of sample_variables: []
2019-09-27 22:40:57,150 INFO o.a.j.s.SampleEvent: List of sample_variables: []
2019-09-27 22:40:57,153 INFO o.a.j.e.u.CompoundVariable: Note: Function class names must contain the string: '.functions.'
2019-09-27 22:40:57,153 INFO o.a.j.e.u.CompoundVariable: Note: Function class names must not contain the string: '.gui.'
2019-09-27 22:40:57,452 INFO o.a.j.g.u.JMeterMenuBar: setRunning(true, *local*)
2019-09-27 22:40:57,691 INFO o.a.j.e.StandardJMeterEngine: Starting ThreadGroup: 1 : Thread Group
2019-09-27 22:40:57,691 INFO o.a.j.e.StandardJMeterEngine: Starting 1 threads for group Thread Group.
2019-09-27 22:40:57,691 INFO o.a.j.e.StandardJMeterEngine: Thread will continue on error
2019-09-27 22:40:57,691 INFO o.a.j.t.ThreadGroup: Starting thread group... number=1 threads=1 ramp-up=1 delayedStart=false
2019-09-27 22:40:57,706 INFO o.a.j.t.ThreadGroup: Started thread group number 1
2019-09-27 22:40:57,707 INFO o.a.j.e.StandardJMeterEngine: All thread groups have been started
2019-09-27 22:40:57,710 INFO o.a.j.t.JMeterThread: Thread started: Thread Group 1-1
2019-09-27 22:41:03,867 ERROR c.b.j.x.JMeterXMPPSampler: Error in XMPP Sampler: 
org.jivesoftware.smack.SmackException$NoResponseException: null
	at org.jivesoftware.smack.PacketCollector.nextResultOrThrow(PacketCollector.java:191) ~[smack-core-4.0.7.jar:4.0.7]
	at org.jivesoftware.smack.PacketCollector.nextResultOrThrow(PacketCollector.java:175) ~[smack-core-4.0.7.jar:4.0.7]
	at org.jivesoftware.smack.XMPPConnection.bindResourceAndEstablishSession(XMPPConnection.java:535) ~[smack-core-4.0.7.jar:4.0.7]
	at org.jivesoftware.smack.tcp.XMPPTCPConnection.login(XMPPTCPConnection.java:260) ~[smack-tcp-4.0.7.jar:4.0.7]
	at com.blazemeter.jmeter.xmpp.actions.Login.perform(Login.java:51) ~[jmeter-plugins-xmpp-1.5.1.jar:?]
	at com.blazemeter.jmeter.xmpp.JMeterXMPPSampler.sample(JMeterXMPPSampler.java:57) [jmeter-plugins-xmpp-1.5.1.jar:?]
	at org.apache.jmeter.threads.JMeterThread.doSampling(JMeterThread.java:622) [ApacheJMeter_core.jar:5.1.1 r1855137]
	at org.apache.jmeter.threads.JMeterThread.executeSamplePackage(JMeterThread.java:546) [ApacheJMeter_core.jar:5.1.1 r1855137]
	at org.apache.jmeter.threads.JMeterThread.processSampler(JMeterThread.java:486) [ApacheJMeter_core.jar:5.1.1 r1855137]
	at org.apache.jmeter.threads.JMeterThread.run(JMeterThread.java:253) [ApacheJMeter_core.jar:5.1.1 r1855137]
	at java.lang.Thread.run(Thread.java:748) [?:1.8.0_202]
2019-09-27 22:41:08,398 INFO o.a.j.t.JMeterThread: Thread is done: Thread Group 1-1
2019-09-27 22:41:08,398 INFO o.a.j.t.JMeterThread: Thread finished: Thread Group 1-1
2019-09-27 22:41:08,398 INFO o.a.j.e.StandardJMeterEngine: Notifying test listeners of end of test
2019-09-27 22:41:08,399 INFO o.a.j.g.u.JMeterMenuBar: setRunning(false, *local*)
2019-09-27 22:45:20,592 INFO o.a.j.e.StandardJMeterEngine: Running the test!
2019-09-27 22:45:20,593 INFO o.a.j.s.SampleEvent: List of sample_variables: []
2019-09-27 22:45:20,597 INFO o.a.j.g.u.JMeterMenuBar: setRunning(true, *local*)
2019-09-27 22:45:20,763 INFO o.a.j.e.StandardJMeterEngine: Starting ThreadGroup: 1 : Thread Group
2019-09-27 22:45:20,764 INFO o.a.j.e.StandardJMeterEngine: Starting 1 threads for group Thread Group.
2019-09-27 22:45:20,764 INFO o.a.j.e.StandardJMeterEngine: Thread will continue on error
2019-09-27 22:45:20,764 INFO o.a.j.t.ThreadGroup: Starting thread group... number=1 threads=1 ramp-up=1 delayedStart=false
2019-09-27 22:45:20,776 INFO o.a.j.t.ThreadGroup: Started thread group number 1
2019-09-27 22:45:20,776 INFO o.a.j.e.StandardJMeterEngine: All thread groups have been started
2019-09-27 22:45:20,776 INFO o.a.j.t.JMeterThread: Thread started: Thread Group 1-1
2019-09-27 22:45:26,628 ERROR c.b.j.x.JMeterXMPPSampler: Error in XMPP Sampler: 
org.jivesoftware.smack.SmackException$NoResponseException: null
	at org.jivesoftware.smack.PacketCollector.nextResultOrThrow(PacketCollector.java:191) ~[smack-core-4.0.7.jar:4.0.7]
	at org.jivesoftware.smack.PacketCollector.nextResultOrThrow(PacketCollector.java:175) ~[smack-core-4.0.7.jar:4.0.7]
	at org.jivesoftware.smack.XMPPConnection.bindResourceAndEstablishSession(XMPPConnection.java:535) ~[smack-core-4.0.7.jar:4.0.7]
	at org.jivesoftware.smack.tcp.XMPPTCPConnection.login(XMPPTCPConnection.java:260) ~[smack-tcp-4.0.7.jar:4.0.7]
	at com.blazemeter.jmeter.xmpp.actions.Login.perform(Login.java:51) ~[jmeter-plugins-xmpp-1.5.1.jar:?]
	at com.blazemeter.jmeter.xmpp.JMeterXMPPSampler.sample(JMeterXMPPSampler.java:57) [jmeter-plugins-xmpp-1.5.1.jar:?]
	at org.apache.jmeter.threads.JMeterThread.doSampling(JMeterThread.java:622) [ApacheJMeter_core.jar:5.1.1 r1855137]
	at org.apache.jmeter.threads.JMeterThread.executeSamplePackage(JMeterThread.java:546) [ApacheJMeter_core.jar:5.1.1 r1855137]
	at org.apache.jmeter.threads.JMeterThread.processSampler(JMeterThread.java:486) [ApacheJMeter_core.jar:5.1.1 r1855137]
	at org.apache.jmeter.threads.JMeterThread.run(JMeterThread.java:253) [ApacheJMeter_core.jar:5.1.1 r1855137]
	at java.lang.Thread.run(Thread.java:748) [?:1.8.0_202]
2019-09-27 22:45:31,141 INFO o.a.j.t.JMeterThread: Thread is done: Thread Group 1-1
2019-09-27 22:45:31,141 INFO o.a.j.t.JMeterThread: Thread finished: Thread Group 1-1
2019-09-27 22:45:31,141 INFO o.a.j.e.StandardJMeterEngine: Notifying test listeners of end of test
2019-09-27 22:45:31,141 INFO o.a.j.g.u.JMeterMenuBar: setRunning(false, *local*)
2019-09-27 22:55:25,888 INFO o.a.j.e.StandardJMeterEngine: Running the test!
2019-09-27 22:55:25,889 INFO o.a.j.s.SampleEvent: List of sample_variables: []
2019-09-27 22:55:25,892 INFO o.a.j.g.u.JMeterMenuBar: setRunning(true, *local*)
2019-09-27 22:55:26,021 INFO o.a.j.e.StandardJMeterEngine: Starting ThreadGroup: 1 : Thread Group
2019-09-27 22:55:26,022 INFO o.a.j.e.StandardJMeterEngine: Starting 1 threads for group Thread Group.
2019-09-27 22:55:26,022 INFO o.a.j.e.StandardJMeterEngine: Thread will continue on error
2019-09-27 22:55:26,022 INFO o.a.j.t.ThreadGroup: Starting thread group... number=1 threads=1 ramp-up=1 delayedStart=false
2019-09-27 22:55:26,032 INFO o.a.j.t.ThreadGroup: Started thread group number 1
2019-09-27 22:55:26,033 INFO o.a.j.e.StandardJMeterEngine: All thread groups have been started
2019-09-27 22:55:26,033 INFO o.a.j.t.JMeterThread: Thread started: Thread Group 1-1
2019-09-27 22:55:32,009 ERROR c.b.j.x.JMeterXMPPSampler: Error in XMPP Sampler: 
org.jivesoftware.smack.SmackException$NoResponseException: null
	at org.jivesoftware.smack.PacketCollector.nextResultOrThrow(PacketCollector.java:191) ~[smack-core-4.0.7.jar:4.0.7]
	at org.jivesoftware.smack.PacketCollector.nextResultOrThrow(PacketCollector.java:175) ~[smack-core-4.0.7.jar:4.0.7]
	at org.jivesoftware.smack.XMPPConnection.bindResourceAndEstablishSession(XMPPConnection.java:535) ~[smack-core-4.0.7.jar:4.0.7]
	at org.jivesoftware.smack.tcp.XMPPTCPConnection.login(XMPPTCPConnection.java:260) ~[smack-tcp-4.0.7.jar:4.0.7]
	at com.blazemeter.jmeter.xmpp.actions.Login.perform(Login.java:51) ~[jmeter-plugins-xmpp-1.5.1.jar:?]
	at com.blazemeter.jmeter.xmpp.JMeterXMPPSampler.sample(JMeterXMPPSampler.java:57) [jmeter-plugins-xmpp-1.5.1.jar:?]
	at org.apache.jmeter.threads.JMeterThread.doSampling(JMeterThread.java:622) [ApacheJMeter_core.jar:5.1.1 r1855137]
	at org.apache.jmeter.threads.JMeterThread.executeSamplePackage(JMeterThread.java:546) [ApacheJMeter_core.jar:5.1.1 r1855137]
	at org.apache.jmeter.threads.JMeterThread.processSampler(JMeterThread.java:486) [ApacheJMeter_core.jar:5.1.1 r1855137]
	at org.apache.jmeter.threads.JMeterThread.run(JMeterThread.java:253) [ApacheJMeter_core.jar:5.1.1 r1855137]
	at java.lang.Thread.run(Thread.java:748) [?:1.8.0_202]
2019-09-27 22:55:36,517 INFO o.a.j.t.JMeterThread: Thread is done: Thread Group 1-1
2019-09-27 22:55:36,517 INFO o.a.j.t.JMeterThread: Thread finished: Thread Group 1-1
2019-09-27 22:55:36,518 INFO o.a.j.e.StandardJMeterEngine: Notifying test listeners of end of test
2019-09-27 22:55:36,518 INFO o.a.j.g.u.JMeterMenuBar: setRunning(false, *local*)
2019-09-28 00:09:08,934 INFO o.a.j.e.StandardJMeterEngine: Running the test!
2019-09-28 00:09:08,935 INFO o.a.j.s.SampleEvent: List of sample_variables: []
2019-09-28 00:09:08,937 INFO o.a.j.g.u.JMeterMenuBar: setRunning(true, *local*)
2019-09-28 00:09:09,118 INFO o.a.j.e.StandardJMeterEngine: Starting ThreadGroup: 1 : Thread Group
2019-09-28 00:09:09,118 INFO o.a.j.e.StandardJMeterEngine: Starting 1 threads for group Thread Group.
2019-09-28 00:09:09,118 INFO o.a.j.e.StandardJMeterEngine: Thread will continue on error
2019-09-28 00:09:09,118 INFO o.a.j.t.ThreadGroup: Starting thread group... number=1 threads=1 ramp-up=1 delayedStart=false
2019-09-28 00:09:09,128 INFO o.a.j.t.ThreadGroup: Started thread group number 1
2019-09-28 00:09:09,128 INFO o.a.j.e.StandardJMeterEngine: All thread groups have been started
2019-09-28 00:09:09,129 INFO o.a.j.t.JMeterThread: Thread started: Thread Group 1-1
2019-09-28 00:09:15,077 ERROR c.b.j.x.JMeterXMPPSampler: Error in XMPP Sampler: 
org.jivesoftware.smack.SmackException$NoResponseException: null
	at org.jivesoftware.smack.PacketCollector.nextResultOrThrow(PacketCollector.java:191) ~[smack-core-4.0.7.jar:4.0.7]
	at org.jivesoftware.smack.PacketCollector.nextResultOrThrow(PacketCollector.java:175) ~[smack-core-4.0.7.jar:4.0.7]
	at org.jivesoftware.smack.XMPPConnection.bindResourceAndEstablishSession(XMPPConnection.java:535) ~[smack-core-4.0.7.jar:4.0.7]
	at org.jivesoftware.smack.tcp.XMPPTCPConnection.login(XMPPTCPConnection.java:260) ~[smack-tcp-4.0.7.jar:4.0.7]
	at com.blazemeter.jmeter.xmpp.actions.Login.perform(Login.java:51) ~[jmeter-plugins-xmpp-1.5.1.jar:?]
	at com.blazemeter.jmeter.xmpp.JMeterXMPPSampler.sample(JMeterXMPPSampler.java:57) [jmeter-plugins-xmpp-1.5.1.jar:?]
	at org.apache.jmeter.threads.JMeterThread.doSampling(JMeterThread.java:622) [ApacheJMeter_core.jar:5.1.1 r1855137]
	at org.apache.jmeter.threads.JMeterThread.executeSamplePackage(JMeterThread.java:546) [ApacheJMeter_core.jar:5.1.1 r1855137]
	at org.apache.jmeter.threads.JMeterThread.processSampler(JMeterThread.java:486) [ApacheJMeter_core.jar:5.1.1 r1855137]
	at org.apache.jmeter.threads.JMeterThread.run(JMeterThread.java:253) [ApacheJMeter_core.jar:5.1.1 r1855137]
	at java.lang.Thread.run(Thread.java:748) [?:1.8.0_202]
2019-09-28 00:09:19,595 INFO o.a.j.t.JMeterThread: Thread is done: Thread Group 1-1
2019-09-28 00:09:19,597 INFO o.a.j.t.JMeterThread: Thread finished: Thread Group 1-1
2019-09-28 00:09:19,597 INFO o.a.j.e.StandardJMeterEngine: Notifying test listeners of end of test
2019-09-28 00:09:19,598 INFO o.a.j.g.u.JMeterMenuBar: setRunning(false, *local*)
2019-09-28 00:19:26,400 INFO o.a.j.e.StandardJMeterEngine: Running the test!
2019-09-28 00:19:26,401 INFO o.a.j.s.SampleEvent: List of sample_variables: []
2019-09-28 00:19:26,404 INFO o.a.j.g.u.JMeterMenuBar: setRunning(true, *local*)
2019-09-28 00:19:26,565 INFO o.a.j.e.StandardJMeterEngine: Starting ThreadGroup: 1 : Thread Group
2019-09-28 00:19:26,565 INFO o.a.j.e.StandardJMeterEngine: Starting 1 threads for group Thread Group.
2019-09-28 00:19:26,565 INFO o.a.j.e.StandardJMeterEngine: Thread will continue on error
2019-09-28 00:19:26,565 INFO o.a.j.t.ThreadGroup: Starting thread group... number=1 threads=1 ramp-up=1 delayedStart=false
2019-09-28 00:19:26,575 INFO o.a.j.t.ThreadGroup: Started thread group number 1
2019-09-28 00:19:26,576 INFO o.a.j.e.StandardJMeterEngine: All thread groups have been started
2019-09-28 00:19:26,576 INFO o.a.j.t.JMeterThread: Thread started: Thread Group 1-1
2019-09-28 00:19:32,655 ERROR c.b.j.x.JMeterXMPPSampler: Error in XMPP Sampler: 
org.jivesoftware.smack.SmackException$NoResponseException: null
	at org.jivesoftware.smack.PacketCollector.nextResultOrThrow(PacketCollector.java:191) ~[smack-core-4.0.7.jar:4.0.7]
	at org.jivesoftware.smack.PacketCollector.nextResultOrThrow(PacketCollector.java:175) ~[smack-core-4.0.7.jar:4.0.7]
	at org.jivesoftware.smack.XMPPConnection.bindResourceAndEstablishSession(XMPPConnection.java:535) ~[smack-core-4.0.7.jar:4.0.7]
	at org.jivesoftware.smack.tcp.XMPPTCPConnection.login(XMPPTCPConnection.java:260) ~[smack-tcp-4.0.7.jar:4.0.7]
	at com.blazemeter.jmeter.xmpp.actions.Login.perform(Login.java:51) ~[jmeter-plugins-xmpp-1.5.1.jar:?]
	at com.blazemeter.jmeter.xmpp.JMeterXMPPSampler.sample(JMeterXMPPSampler.java:57) [jmeter-plugins-xmpp-1.5.1.jar:?]
	at org.apache.jmeter.threads.JMeterThread.doSampling(JMeterThread.java:622) [ApacheJMeter_core.jar:5.1.1 r1855137]
	at org.apache.jmeter.threads.JMeterThread.executeSamplePackage(JMeterThread.java:546) [ApacheJMeter_core.jar:5.1.1 r1855137]
	at org.apache.jmeter.threads.JMeterThread.processSampler(JMeterThread.java:486) [ApacheJMeter_core.jar:5.1.1 r1855137]
	at org.apache.jmeter.threads.JMeterThread.run(JMeterThread.java:253) [ApacheJMeter_core.jar:5.1.1 r1855137]
	at java.lang.Thread.run(Thread.java:748) [?:1.8.0_202]
2019-09-28 00:19:37,168 INFO o.a.j.t.JMeterThread: Thread is done: Thread Group 1-1
2019-09-28 00:19:37,169 INFO o.a.j.t.JMeterThread: Thread finished: Thread Group 1-1
2019-09-28 00:19:37,169 INFO o.a.j.e.StandardJMeterEngine: Notifying test listeners of end of test
2019-09-28 00:19:37,169 INFO o.a.j.g.u.JMeterMenuBar: setRunning(false, *local*)
2019-09-28 00:23:53,381 INFO o.a.j.e.StandardJMeterEngine: Running the test!
2019-09-28 00:23:53,382 INFO o.a.j.s.SampleEvent: List of sample_variables: []
2019-09-28 00:23:53,384 INFO o.a.j.g.u.JMeterMenuBar: setRunning(true, *local*)
2019-09-28 00:23:53,515 INFO o.a.j.e.StandardJMeterEngine: Starting ThreadGroup: 1 : Thread Group
2019-09-28 00:23:53,515 INFO o.a.j.e.StandardJMeterEngine: Starting 1 threads for group Thread Group.
2019-09-28 00:23:53,515 INFO o.a.j.e.StandardJMeterEngine: Thread will continue on error
2019-09-28 00:23:53,516 INFO o.a.j.t.ThreadGroup: Starting thread group... number=1 threads=1 ramp-up=1 delayedStart=false
2019-09-28 00:23:53,526 INFO o.a.j.t.ThreadGroup: Started thread group number 1
2019-09-28 00:23:53,526 INFO o.a.j.e.StandardJMeterEngine: All thread groups have been started
2019-09-28 00:23:53,526 INFO o.a.j.t.JMeterThread: Thread started: Thread Group 1-1
2019-09-28 00:23:59,609 ERROR c.b.j.x.JMeterXMPPSampler: Error in XMPP Sampler: 
org.jivesoftware.smack.SmackException$NoResponseException: null
	at org.jivesoftware.smack.PacketCollector.nextResultOrThrow(PacketCollector.java:191) ~[smack-core-4.0.7.jar:4.0.7]
	at org.jivesoftware.smack.PacketCollector.nextResultOrThrow(PacketCollector.java:175) ~[smack-core-4.0.7.jar:4.0.7]
	at org.jivesoftware.smack.XMPPConnection.bindResourceAndEstablishSession(XMPPConnection.java:535) ~[smack-core-4.0.7.jar:4.0.7]
	at org.jivesoftware.smack.tcp.XMPPTCPConnection.login(XMPPTCPConnection.java:260) ~[smack-tcp-4.0.7.jar:4.0.7]
	at com.blazemeter.jmeter.xmpp.actions.Login.perform(Login.java:51) ~[jmeter-plugins-xmpp-1.5.1.jar:?]
	at com.blazemeter.jmeter.xmpp.JMeterXMPPSampler.sample(JMeterXMPPSampler.java:57) [jmeter-plugins-xmpp-1.5.1.jar:?]
	at org.apache.jmeter.threads.JMeterThread.doSampling(JMeterThread.java:622) [ApacheJMeter_core.jar:5.1.1 r1855137]
	at org.apache.jmeter.threads.JMeterThread.executeSamplePackage(JMeterThread.java:546) [ApacheJMeter_core.jar:5.1.1 r1855137]
	at org.apache.jmeter.threads.JMeterThread.processSampler(JMeterThread.java:486) [ApacheJMeter_core.jar:5.1.1 r1855137]
	at org.apache.jmeter.threads.JMeterThread.run(JMeterThread.java:253) [ApacheJMeter_core.jar:5.1.1 r1855137]
	at java.lang.Thread.run(Thread.java:748) [?:1.8.0_202]
2019-09-28 00:24:04,119 INFO o.a.j.t.JMeterThread: Thread is done: Thread Group 1-1
2019-09-28 00:24:04,119 INFO o.a.j.t.JMeterThread: Thread finished: Thread Group 1-1
2019-09-28 00:24:04,120 INFO o.a.j.e.StandardJMeterEngine: Notifying test listeners of end of test
2019-09-28 00:24:04,120 INFO o.a.j.g.u.JMeterMenuBar: setRunning(false, *local*)
2019-09-28 00:25:23,421 INFO o.a.j.e.StandardJMeterEngine: Running the test!
2019-09-28 00:25:23,421 INFO o.a.j.s.SampleEvent: List of sample_variables: []
2019-09-28 00:25:23,424 INFO o.a.j.g.u.JMeterMenuBar: setRunning(true, *local*)
2019-09-28 00:25:23,545 INFO o.a.j.e.StandardJMeterEngine: Starting ThreadGroup: 1 : Thread Group
2019-09-28 00:25:23,545 INFO o.a.j.e.StandardJMeterEngine: Starting 1 threads for group Thread Group.
2019-09-28 00:25:23,545 INFO o.a.j.e.StandardJMeterEngine: Thread will continue on error
2019-09-28 00:25:23,545 INFO o.a.j.t.ThreadGroup: Starting thread group... number=1 threads=1 ramp-up=1 delayedStart=false
2019-09-28 00:25:23,555 INFO o.a.j.t.ThreadGroup: Started thread group number 1
2019-09-28 00:25:23,555 INFO o.a.j.e.StandardJMeterEngine: All thread groups have been started
2019-09-28 00:25:23,556 INFO o.a.j.t.JMeterThread: Thread started: Thread Group 1-1
2019-09-28 00:25:29,414 ERROR c.b.j.x.JMeterXMPPSampler: Error in XMPP Sampler: 
org.jivesoftware.smack.SmackException$NoResponseException: null
	at org.jivesoftware.smack.PacketCollector.nextResultOrThrow(PacketCollector.java:191) ~[smack-core-4.0.7.jar:4.0.7]
	at org.jivesoftware.smack.PacketCollector.nextResultOrThrow(PacketCollector.java:175) ~[smack-core-4.0.7.jar:4.0.7]
	at org.jivesoftware.smack.XMPPConnection.bindResourceAndEstablishSession(XMPPConnection.java:535) ~[smack-core-4.0.7.jar:4.0.7]
	at org.jivesoftware.smack.tcp.XMPPTCPConnection.login(XMPPTCPConnection.java:260) ~[smack-tcp-4.0.7.jar:4.0.7]
	at com.blazemeter.jmeter.xmpp.actions.Login.perform(Login.java:51) ~[jmeter-plugins-xmpp-1.5.1.jar:?]
	at com.blazemeter.jmeter.xmpp.JMeterXMPPSampler.sample(JMeterXMPPSampler.java:57) [jmeter-plugins-xmpp-1.5.1.jar:?]
	at org.apache.jmeter.threads.JMeterThread.doSampling(JMeterThread.java:622) [ApacheJMeter_core.jar:5.1.1 r1855137]
	at org.apache.jmeter.threads.JMeterThread.executeSamplePackage(JMeterThread.java:546) [ApacheJMeter_core.jar:5.1.1 r1855137]
	at org.apache.jmeter.threads.JMeterThread.processSampler(JMeterThread.java:486) [ApacheJMeter_core.jar:5.1.1 r1855137]
	at org.apache.jmeter.threads.JMeterThread.run(JMeterThread.java:253) [ApacheJMeter_core.jar:5.1.1 r1855137]
	at java.lang.Thread.run(Thread.java:748) [?:1.8.0_202]
2019-09-28 00:25:33,928 INFO o.a.j.t.JMeterThread: Thread is done: Thread Group 1-1
2019-09-28 00:25:33,928 INFO o.a.j.t.JMeterThread: Thread finished: Thread Group 1-1
2019-09-28 00:25:33,929 INFO o.a.j.e.StandardJMeterEngine: Notifying test listeners of end of test
2019-09-28 00:25:33,929 INFO o.a.j.g.u.JMeterMenuBar: setRunning(false, *local*)
2019-09-28 00:25:39,621 INFO o.a.j.e.StandardJMeterEngine: Running the test!
2019-09-28 00:25:39,622 INFO o.a.j.s.SampleEvent: List of sample_variables: []
2019-09-28 00:25:39,625 INFO o.a.j.g.u.JMeterMenuBar: setRunning(true, *local*)
2019-09-28 00:25:39,745 INFO o.a.j.e.StandardJMeterEngine: Starting ThreadGroup: 1 : Thread Group
2019-09-28 00:25:39,745 INFO o.a.j.e.StandardJMeterEngine: Starting 1 threads for group Thread Group.
2019-09-28 00:25:39,746 INFO o.a.j.e.StandardJMeterEngine: Thread will continue on error
2019-09-28 00:25:39,746 INFO o.a.j.t.ThreadGroup: Starting thread group... number=1 threads=1 ramp-up=1 delayedStart=false
2019-09-28 00:25:39,756 INFO o.a.j.t.ThreadGroup: Started thread group number 1
2019-09-28 00:25:39,756 INFO o.a.j.e.StandardJMeterEngine: All thread groups have been started
2019-09-28 00:25:39,756 INFO o.a.j.t.JMeterThread: Thread started: Thread Group 1-1
2019-09-28 00:25:45,701 ERROR c.b.j.x.JMeterXMPPSampler: Error in XMPP Sampler: 
org.jivesoftware.smack.SmackException$NoResponseException: null
	at org.jivesoftware.smack.PacketCollector.nextResultOrThrow(PacketCollector.java:191) ~[smack-core-4.0.7.jar:4.0.7]
	at org.jivesoftware.smack.PacketCollector.nextResultOrThrow(PacketCollector.java:175) ~[smack-core-4.0.7.jar:4.0.7]
	at org.jivesoftware.smack.XMPPConnection.bindResourceAndEstablishSession(XMPPConnection.java:535) ~[smack-core-4.0.7.jar:4.0.7]
	at org.jivesoftware.smack.tcp.XMPPTCPConnection.login(XMPPTCPConnection.java:260) ~[smack-tcp-4.0.7.jar:4.0.7]
	at com.blazemeter.jmeter.xmpp.actions.Login.perform(Login.java:51) ~[jmeter-plugins-xmpp-1.5.1.jar:?]
	at com.blazemeter.jmeter.xmpp.JMeterXMPPSampler.sample(JMeterXMPPSampler.java:57) [jmeter-plugins-xmpp-1.5.1.jar:?]
	at org.apache.jmeter.threads.JMeterThread.doSampling(JMeterThread.java:622) [ApacheJMeter_core.jar:5.1.1 r1855137]
	at org.apache.jmeter.threads.JMeterThread.executeSamplePackage(JMeterThread.java:546) [ApacheJMeter_core.jar:5.1.1 r1855137]
	at org.apache.jmeter.threads.JMeterThread.processSampler(JMeterThread.java:486) [ApacheJMeter_core.jar:5.1.1 r1855137]
	at org.apache.jmeter.threads.JMeterThread.run(JMeterThread.java:253) [ApacheJMeter_core.jar:5.1.1 r1855137]
	at java.lang.Thread.run(Thread.java:748) [?:1.8.0_202]
2019-09-28 00:25:50,216 INFO o.a.j.t.JMeterThread: Thread is done: Thread Group 1-1
2019-09-28 00:25:50,217 INFO o.a.j.t.JMeterThread: Thread finished: Thread Group 1-1
2019-09-28 00:25:50,217 INFO o.a.j.e.StandardJMeterEngine: Notifying test listeners of end of test
2019-09-28 00:25:50,217 INFO o.a.j.g.u.JMeterMenuBar: setRunning(false, *local*)
2019-09-28 00:26:03,964 INFO o.a.j.e.StandardJMeterEngine: Running the test!
2019-09-28 00:26:03,964 INFO o.a.j.s.SampleEvent: List of sample_variables: []
2019-09-28 00:26:03,965 INFO o.a.j.g.u.JMeterMenuBar: setRunning(true, *local*)
2019-09-28 00:26:04,088 INFO o.a.j.e.StandardJMeterEngine: Starting ThreadGroup: 1 : Thread Group
2019-09-28 00:26:04,088 INFO o.a.j.e.StandardJMeterEngine: Starting 1 threads for group Thread Group.
2019-09-28 00:26:04,088 INFO o.a.j.e.StandardJMeterEngine: Thread will continue on error
2019-09-28 00:26:04,088 INFO o.a.j.t.ThreadGroup: Starting thread group... number=1 threads=1 ramp-up=1 delayedStart=false
2019-09-28 00:26:04,098 INFO o.a.j.t.ThreadGroup: Started thread group number 1
2019-09-28 00:26:04,098 INFO o.a.j.e.StandardJMeterEngine: All thread groups have been started
2019-09-28 00:26:04,098 INFO o.a.j.t.JMeterThread: Thread started: Thread Group 1-1
2019-09-28 00:26:10,067 ERROR c.b.j.x.JMeterXMPPSampler: Error in XMPP Sampler: 
org.jivesoftware.smack.SmackException$NoResponseException: null
	at org.jivesoftware.smack.PacketCollector.nextResultOrThrow(PacketCollector.java:191) ~[smack-core-4.0.7.jar:4.0.7]
	at org.jivesoftware.smack.PacketCollector.nextResultOrThrow(PacketCollector.java:175) ~[smack-core-4.0.7.jar:4.0.7]
	at org.jivesoftware.smack.XMPPConnection.bindResourceAndEstablishSession(XMPPConnection.java:535) ~[smack-core-4.0.7.jar:4.0.7]
	at org.jivesoftware.smack.tcp.XMPPTCPConnection.login(XMPPTCPConnection.java:260) ~[smack-tcp-4.0.7.jar:4.0.7]
	at com.blazemeter.jmeter.xmpp.actions.Login.perform(Login.java:51) ~[jmeter-plugins-xmpp-1.5.1.jar:?]
	at com.blazemeter.jmeter.xmpp.JMeterXMPPSampler.sample(JMeterXMPPSampler.java:57) [jmeter-plugins-xmpp-1.5.1.jar:?]
	at org.apache.jmeter.threads.JMeterThread.doSampling(JMeterThread.java:622) [ApacheJMeter_core.jar:5.1.1 r1855137]
	at org.apache.jmeter.threads.JMeterThread.executeSamplePackage(JMeterThread.java:546) [ApacheJMeter_core.jar:5.1.1 r1855137]
	at org.apache.jmeter.threads.JMeterThread.processSampler(JMeterThread.java:486) [ApacheJMeter_core.jar:5.1.1 r1855137]
	at org.apache.jmeter.threads.JMeterThread.run(JMeterThread.java:253) [ApacheJMeter_core.jar:5.1.1 r1855137]
	at java.lang.Thread.run(Thread.java:748) [?:1.8.0_202]
2019-09-28 00:26:14,577 INFO o.a.j.t.JMeterThread: Thread is done: Thread Group 1-1
2019-09-28 00:26:14,578 INFO o.a.j.t.JMeterThread: Thread finished: Thread Group 1-1
2019-09-28 00:26:14,578 INFO o.a.j.e.StandardJMeterEngine: Notifying test listeners of end of test
2019-09-28 00:26:14,578 INFO o.a.j.g.u.JMeterMenuBar: setRunning(false, *local*)
